# JRE version: Java(TM) SE Runtime Environment (8.0_102-b14) (build 1.8.0_102-b14)
# Java VM: Java HotSpot(TM) 64-Bit Server VM (25.102-b14 mixed mode windows-amd64 compressed oops)
Heap:
 PSYoungGen      total 538112K, used 409033K [0x000000076b580000, 0x000000078d680000, 0x00000007c0000000)
  eden space 519168K, 76% used [0x000000076b580000,0x00000007836e2410,0x000000078b080000)
  from space 18944K, 76% used [0x000000078c400000,0x000000078d210020,0x000000078d680000)
  to   space 19456K, 0% used [0x000000078b080000,0x000000078b080000,0x000000078c380000)
 ParOldGen       total 173568K, used 26221K [0x00000006c2000000, 0x00000006cc980000, 0x000000076b580000)
  object space 173568K, 15% used [0x00000006c2000000,0x00000006c399b7f8,0x00000006cc980000)
 Metaspace       used 8732K, capacity 8950K, committed 9088K, reserved 1056768K
  class space    used 1030K, capacity 1132K, committed 1152K, reserved 1048576K
GC Heap History (10 events):
Event: 2.280 GC heap before
{Heap before GC invocations=4 (full 0):
 PSYoungGen      total 75776K, used 75756K [0x000000076b580000, 0x0000000774980000, 0x00000007c0000000)
  eden space 65024K, 100% used [0x000000076b580000,0x000000076f500000,0x000000076f500000)
  from space 10752K, 99% used [0x000000076f500000,0x000000076ff7b170,0x000000076ff80000)
  to   space 10752K, 0% used [0x0000000773f00000,0x0000000773f00000,0x0000000774980000)
 ParOldGen       total 173568K, used 11132K [0x00000006c2000000, 0x00000006cc980000, 0x000000076b580000)
  object space 173568K, 6% used [0x00000006c2000000,0x00000006c2adf350,0x00000006cc980000)
 Metaspace       used 8657K, capacity 8882K, committed 9088K, reserved 1056768K
  class space    used 1030K, capacity 1132K, committed 1152K, reserved 1048576K
Event: 2.299 GC heap after
Heap after GC invocations=4 (full 0):
 PSYoungGen      total 140800K, used 10732K [0x000000076b580000, 0x0000000774980000, 0x00000007c0000000)
  eden space 130048K, 0% used [0x000000076b580000,0x000000076b580000,0x0000000773480000)
  from space 10752K, 99% used [0x0000000773f00000,0x000000077497b170,0x0000000774980000)
  to   space 10752K, 0% used [0x0000000773480000,0x0000000773480000,0x0000000773f00000)
 ParOldGen       total 173568K, used 17116K [0x00000006c2000000, 0x00000006cc980000, 0x000000076b580000)
  object space 173568K, 9% used [0x00000006c2000000,0x00000006c30b7350,0x00000006cc980000)
 Metaspace       used 8657K, capacity 8882K, committed 9088K, reserved 1056768K
  class space    used 1030K, capacity 1132K, committed 1152K, reserved 1048576K
}
Event: 2.504 GC heap before
{Heap before GC invocations=5 (full 0):
 PSYoungGen      total 140800K, used 140780K [0x000000076b580000, 0x0000000774980000, 0x00000007c0000000)
  eden space 130048K, 100% used [0x000000076b580000,0x0000000773480000,0x0000000773480000)
  from space 10752K, 99% used [0x0000000773f00000,0x000000077497b170,0x0000000774980000)
  to   space 10752K, 0% used [0x0000000773480000,0x0000000773480000,0x0000000773f00000)
 ParOldGen       total 173568K, used 17116K [0x00000006c2000000, 0x00000006cc980000, 0x000000076b580000)
  object space 173568K, 9% used [0x00000006c2000000,0x00000006c30b7350,0x00000006cc980000)
 Metaspace       used 8661K, capacity 8882K, committed 9088K, reserved 1056768K
  class space    used 1030K, capacity 1132K, committed 1152K, reserved 1048576K
Event: 2.517 GC heap after
Heap after GC invocations=5 (full 0):
 PSYoungGen      total 140800K, used 10748K [0x000000076b580000, 0x000000077d980000, 0x00000007c0000000)
  eden space 130048K, 0% used [0x000000076b580000,0x000000076b580000,0x0000000773480000)
  from space 10752K, 99% used [0x0000000773480000,0x0000000773eff180,0x0000000773f00000)
  to   space 19456K, 0% used [0x000000077c680000,0x000000077c680000,0x000000077d980000)
 ParOldGen       total 173568K, used 23372K [0x00000006c2000000, 0x00000006cc980000, 0x000000076b580000)
  object space 173568K, 13% used [0x00000006c2000000,0x00000006c36d3350,0x00000006cc980000)
 Metaspace       used 8661K, capacity 8882K, committed 9088K, reserved 1056768K
  class space    used 1030K, capacity 1132K, committed 1152K, reserved 1048576K
}
Event: 2.692 GC heap before
{Heap before GC invocations=6 (full 0):
 PSYoungGen      total 140800K, used 140796K [0x000000076b580000, 0x000000077d980000, 0x00000007c0000000)
  eden space 130048K, 100% used [0x000000076b580000,0x0000000773480000,0x0000000773480000)
  from space 10752K, 99% used [0x0000000773480000,0x0000000773eff180,0x0000000773f00000)
  to   space 19456K, 0% used [0x000000077c680000,0x000000077c680000,0x000000077d980000)
 ParOldGen       total 173568K, used 23372K [0x00000006c2000000, 0x00000006cc980000, 0x000000076b580000)
  object space 173568K, 13% used [0x00000006c2000000,0x00000006c36d3350,0x00000006cc980000)
 Metaspace       used 8672K, capacity 8882K, committed 9088K, reserved 1056768K
  class space    used 1030K, capacity 1132K, committed 1152K, reserved 1048576K
Event: 2.707 GC heap after
Heap after GC invocations=6 (full 0):
 PSYoungGen      total 279040K, used 17948K [0x000000076b580000, 0x000000077da80000, 0x00000007c0000000)
  eden space 259584K, 0% used [0x000000076b580000,0x000000076b580000,0x000000077b300000)
  from space 19456K, 92% used [0x000000077c680000,0x000000077d807160,0x000000077d980000)
  to   space 19968K, 0% used [0x000000077b300000,0x000000077b300000,0x000000077c680000)
 ParOldGen       total 173568K, used 23380K [0x00000006c2000000, 0x00000006cc980000, 0x000000076b580000)
  object space 173568K, 13% used [0x00000006c2000000,0x00000006c36d5350,0x00000006cc980000)
 Metaspace       used 8672K, capacity 8882K, committed 9088K, reserved 1056768K
  class space    used 1030K, capacity 1132K, committed 1152K, reserved 1048576K
}
Event: 3.116 GC heap before
{Heap before GC invocations=7 (full 0):
 PSYoungGen      total 279040K, used 277532K [0x000000076b580000, 0x000000077da80000, 0x00000007c0000000)
  eden space 259584K, 100% used [0x000000076b580000,0x000000077b300000,0x000000077b300000)
  from space 19456K, 92% used [0x000000077c680000,0x000000077d807160,0x000000077d980000)
  to   space 19968K, 0% used [0x000000077b300000,0x000000077b300000,0x000000077c680000)
 ParOldGen       total 173568K, used 23380K [0x00000006c2000000, 0x00000006cc980000, 0x000000076b580000)
  object space 173568K, 13% used [0x00000006c2000000,0x00000006c36d5350,0x00000006cc980000)
 Metaspace       used 8701K, capacity 8946K, committed 9088K, reserved 1056768K
  class space    used 1030K, capacity 1132K, committed 1152K, reserved 1048576K
Event: 3.130 GC heap after
Heap after GC invocations=7 (full 0):
 PSYoungGen      total 279552K, used 13936K [0x000000076b580000, 0x000000078d780000, 0x00000007c0000000)
  eden space 259584K, 0% used [0x000000076b580000,0x000000076b580000,0x000000077b300000)
  from space 19968K, 69% used [0x000000077b300000,0x000000077c09c010,0x000000077c680000)
  to   space 19968K, 0% used [0x000000078c400000,0x000000078c400000,0x000000078d780000)
 ParOldGen       total 173568K, used 26221K [0x00000006c2000000, 0x00000006cc980000, 0x000000076b580000)
  object space 173568K, 15% used [0x00000006c2000000,0x00000006c399b7f8,0x00000006cc980000)
 Metaspace       used 8701K, capacity 8946K, committed 9088K, reserved 1056768K
  class space    used 1030K, capacity 1132K, committed 1152K, reserved 1048576K
}
Event: 3.504 GC heap before
{Heap before GC invocations=8 (full 0):
 PSYoungGen      total 279552K, used 273520K [0x000000076b580000, 0x000000078d780000, 0x00000007c0000000)
  eden space 259584K, 100% used [0x000000076b580000,0x000000077b300000,0x000000077b300000)
  from space 19968K, 69% used [0x000000077b300000,0x000000077c09c010,0x000000077c680000)
  to   space 19968K, 0% used [0x000000078c400000,0x000000078c400000,0x000000078d780000)
 ParOldGen       total 173568K, used 26221K [0x00000006c2000000, 0x00000006cc980000, 0x000000076b580000)
  object space 173568K, 15% used [0x00000006c2000000,0x00000006c399b7f8,0x00000006cc980000)
 Metaspace       used 8720K, capacity 8950K, committed 9088K, reserved 1056768K
  class space    used 1030K, capacity 1132K, committed 1152K, reserved 1048576K
Event: 3.515 GC heap after
Heap after GC invocations=8 (full 0):
 PSYoungGen      total 538112K, used 14400K [0x000000076b580000, 0x000000078d680000, 0x00000007c0000000)
  eden space 519168K, 0% used [0x000000076b580000,0x000000076b580000,0x000000078b080000)
  from space 18944K, 76% used [0x000000078c400000,0x000000078d210020,0x000000078d680000)
  to   space 19456K, 0% used [0x000000078b080000,0x000000078b080000,0x000000078c380000)
 ParOldGen       total 173568K, used 26221K [0x00000006c2000000, 0x00000006cc980000, 0x000000076b580000)
  object space 173568K, 15% used [0x00000006c2000000,0x00000006c399b7f8,0x00000006cc980000)
 Metaspace       used 8720K, capacity 8950K, committed 9088K, reserved 1056768K
  class space    used 1030K, capacity 1132K, committed 1152K, reserved 1048576K
}

