# JRE version: Java(TM) SE Runtime Environment (8.0_102-b14) (build 1.8.0_102-b14)
# Java VM: Java HotSpot(TM) 64-Bit Server VM (25.102-b14 mixed mode windows-amd64 compressed oops)
Heap:
 PSYoungGen      total 1345024K, used 810663K [0x000000076b580000, 0x00000007c0000000, 0x00000007c0000000)
  eden space 1329152K, 60% used [0x000000076b580000,0x000000079c905f90,0x00000007bc780000)
  from space 15872K, 26% used [0x00000007bc780000,0x00000007bcba4010,0x00000007bd700000)
  to   space 16384K, 0% used [0x00000007bf000000,0x00000007bf000000,0x00000007c0000000)
 ParOldGen       total 173568K, used 12377K [0x00000006c2000000, 0x00000006cc980000, 0x000000076b580000)
  object space 173568K, 7% used [0x00000006c2000000,0x00000006c2c164d0,0x00000006cc980000)
 Metaspace       used 8850K, capacity 9074K, committed 9344K, reserved 1056768K
  class space    used 1030K, capacity 1130K, committed 1152K, reserved 1048576K
GC Heap History (10 events):
Event: 4.796 GC heap before
{Heap before GC invocations=9 (full 0):
 PSYoungGen      total 535040K, used 530876K [0x000000076b580000, 0x000000078cf80000, 0x00000007c0000000)
  eden space 519168K, 99% used [0x000000076b580000,0x000000078b0131f8,0x000000078b080000)
  from space 15872K, 76% used [0x000000078c000000,0x000000078cbdc030,0x000000078cf80000)
  to   space 15872K, 0% used [0x000000078b080000,0x000000078b080000,0x000000078c000000)
 ParOldGen       total 173568K, used 12273K [0x00000006c2000000, 0x00000006cc980000, 0x000000076b580000)
  object space 173568K, 7% used [0x00000006c2000000,0x00000006c2bfc4d0,0x00000006cc980000)
 Metaspace       used 8707K, capacity 8946K, committed 9088K, reserved 1056768K
  class space    used 1030K, capacity 1130K, committed 1152K, reserved 1048576K
Event: 4.806 GC heap after
Heap after GC invocations=9 (full 0):
 PSYoungGen      total 535040K, used 10976K [0x000000076b580000, 0x000000079ff00000, 0x00000007c0000000)
  eden space 519168K, 0% used [0x000000076b580000,0x000000076b580000,0x000000078b080000)
  from space 15872K, 69% used [0x000000078b080000,0x000000078bb38020,0x000000078c000000)
  to   space 15360K, 0% used [0x000000079f000000,0x000000079f000000,0x000000079ff00000)
 ParOldGen       total 173568K, used 12305K [0x00000006c2000000, 0x00000006cc980000, 0x000000076b580000)
  object space 173568K, 7% used [0x00000006c2000000,0x00000006c2c044d0,0x00000006cc980000)
 Metaspace       used 8707K, capacity 8946K, committed 9088K, reserved 1056768K
  class space    used 1030K, capacity 1130K, committed 1152K, reserved 1048576K
}
Event: 5.810 GC heap before
{Heap before GC invocations=10 (full 0):
 PSYoungGen      total 535040K, used 530144K [0x000000076b580000, 0x000000079ff00000, 0x00000007c0000000)
  eden space 519168K, 100% used [0x000000076b580000,0x000000078b080000,0x000000078b080000)
  from space 15872K, 69% used [0x000000078b080000,0x000000078bb38020,0x000000078c000000)
  to   space 15360K, 0% used [0x000000079f000000,0x000000079f000000,0x000000079ff00000)
 ParOldGen       total 173568K, used 12305K [0x00000006c2000000, 0x00000006cc980000, 0x000000076b580000)
  object space 173568K, 7% used [0x00000006c2000000,0x00000006c2c044d0,0x00000006cc980000)
 Metaspace       used 8729K, capacity 8946K, committed 9088K, reserved 1056768K
  class space    used 1030K, capacity 1130K, committed 1152K, reserved 1048576K
Event: 5.819 GC heap after
Heap after GC invocations=10 (full 0):
 PSYoungGen      total 846336K, used 9488K [0x000000076b580000, 0x000000079ff00000, 0x00000007c0000000)
  eden space 830976K, 0% used [0x000000076b580000,0x000000076b580000,0x000000079e100000)
  from space 15360K, 61% used [0x000000079f000000,0x000000079f944010,0x000000079ff00000)
  to   space 15360K, 0% used [0x000000079e100000,0x000000079e100000,0x000000079f000000)
 ParOldGen       total 173568K, used 12321K [0x00000006c2000000, 0x00000006cc980000, 0x000000076b580000)
  object space 173568K, 7% used [0x00000006c2000000,0x00000006c2c084d0,0x00000006cc980000)
 Metaspace       used 8729K, capacity 8946K, committed 9088K, reserved 1056768K
  class space    used 1030K, capacity 1130K, committed 1152K, reserved 1048576K
}
Event: 7.545 GC heap before
{Heap before GC invocations=11 (full 0):
 PSYoungGen      total 846336K, used 840464K [0x000000076b580000, 0x000000079ff00000, 0x00000007c0000000)
  eden space 830976K, 100% used [0x000000076b580000,0x000000079e100000,0x000000079e100000)
  from space 15360K, 61% used [0x000000079f000000,0x000000079f944010,0x000000079ff00000)
  to   space 15360K, 0% used [0x000000079e100000,0x000000079e100000,0x000000079f000000)
 ParOldGen       total 173568K, used 12321K [0x00000006c2000000, 0x00000006cc980000, 0x000000076b580000)
  object space 173568K, 7% used [0x00000006c2000000,0x00000006c2c084d0,0x00000006cc980000)
 Metaspace       used 8758K, capacity 8946K, committed 9088K, reserved 1056768K
  class space    used 1030K, capacity 1130K, committed 1152K, reserved 1048576K
Event: 7.554 GC heap after
Heap after GC invocations=11 (full 0):
 PSYoungGen      total 846336K, used 6992K [0x000000076b580000, 0x00000007be600000, 0x00000007c0000000)
  eden space 830976K, 0% used [0x000000076b580000,0x000000076b580000,0x000000079e100000)
  from space 15360K, 45% used [0x000000079e100000,0x000000079e7d4010,0x000000079f000000)
  to   space 15360K, 0% used [0x00000007bd700000,0x00000007bd700000,0x00000007be600000)
 ParOldGen       total 173568K, used 12345K [0x00000006c2000000, 0x00000006cc980000, 0x000000076b580000)
  object space 173568K, 7% used [0x00000006c2000000,0x00000006c2c0e4d0,0x00000006cc980000)
 Metaspace       used 8758K, capacity 8946K, committed 9088K, reserved 1056768K
  class space    used 1030K, capacity 1130K, committed 1152K, reserved 1048576K
}
Event: 9.154 GC heap before
{Heap before GC invocations=12 (full 0):
 PSYoungGen      total 846336K, used 837968K [0x000000076b580000, 0x00000007be600000, 0x00000007c0000000)
  eden space 830976K, 100% used [0x000000076b580000,0x000000079e100000,0x000000079e100000)
  from space 15360K, 45% used [0x000000079e100000,0x000000079e7d4010,0x000000079f000000)
  to   space 15360K, 0% used [0x00000007bd700000,0x00000007bd700000,0x00000007be600000)
 ParOldGen       total 173568K, used 12345K [0x00000006c2000000, 0x00000006cc980000, 0x000000076b580000)
  object space 173568K, 7% used [0x00000006c2000000,0x00000006c2c0e4d0,0x00000006cc980000)
 Metaspace       used 8785K, capacity 9010K, committed 9088K, reserved 1056768K
  class space    used 1030K, capacity 1130K, committed 1152K, reserved 1048576K
Event: 9.157 GC heap after
Heap after GC invocations=12 (full 0):
 PSYoungGen      total 1344512K, used 4752K [0x000000076b580000, 0x00000007be700000, 0x00000007c0000000)
  eden space 1329152K, 0% used [0x000000076b580000,0x000000076b580000,0x00000007bc780000)
  from space 15360K, 30% used [0x00000007bd700000,0x00000007bdba4010,0x00000007be600000)
  to   space 15872K, 0% used [0x00000007bc780000,0x00000007bc780000,0x00000007bd700000)
 ParOldGen       total 173568K, used 12361K [0x00000006c2000000, 0x00000006cc980000, 0x000000076b580000)
  object space 173568K, 7% used [0x00000006c2000000,0x00000006c2c124d0,0x00000006cc980000)
 Metaspace       used 8785K, capacity 9010K, committed 9088K, reserved 1056768K
  class space    used 1030K, capacity 1130K, committed 1152K, reserved 1048576K
}
Event: 11.687 GC heap before
{Heap before GC invocations=13 (full 0):
 PSYoungGen      total 1344512K, used 1333904K [0x000000076b580000, 0x00000007be700000, 0x00000007c0000000)
  eden space 1329152K, 100% used [0x000000076b580000,0x00000007bc780000,0x00000007bc780000)
  from space 15360K, 30% used [0x00000007bd700000,0x00000007bdba4010,0x00000007be600000)
  to   space 15872K, 0% used [0x00000007bc780000,0x00000007bc780000,0x00000007bd700000)
 ParOldGen       total 173568K, used 12361K [0x00000006c2000000, 0x00000006cc980000, 0x000000076b580000)
  object space 173568K, 7% used [0x00000006c2000000,0x00000006c2c124d0,0x00000006cc980000)
 Metaspace       used 8824K, capacity 9010K, committed 9088K, reserved 1056768K
  class space    used 1030K, capacity 1130K, committed 1152K, reserved 1048576K
Event: 11.690 GC heap after
Heap after GC invocations=13 (full 0):
 PSYoungGen      total 1345024K, used 4240K [0x000000076b580000, 0x00000007c0000000, 0x00000007c0000000)
  eden space 1329152K, 0% used [0x000000076b580000,0x000000076b580000,0x00000007bc780000)
  from space 15872K, 26% used [0x00000007bc780000,0x00000007bcba4010,0x00000007bd700000)
  to   space 16384K, 0% used [0x00000007bf000000,0x00000007bf000000,0x00000007c0000000)
 ParOldGen       total 173568K, used 12377K [0x00000006c2000000, 0x00000006cc980000, 0x000000076b580000)
  object space 173568K, 7% used [0x00000006c2000000,0x00000006c2c164d0,0x00000006cc980000)
 Metaspace       used 8824K, capacity 9010K, committed 9088K, reserved 1056768K
  class space    used 1030K, capacity 1130K, committed 1152K, reserved 1048576K
}

