# JRE version: Java(TM) SE Runtime Environment (8.0_102-b14) (build 1.8.0_102-b14)
# Java VM: Java HotSpot(TM) 64-Bit Server VM (25.102-b14 mixed mode windows-amd64 compressed oops)
Heap:
 PSYoungGen      total 849920K, used 679533K [0x000000076b580000, 0x00000007a0480000, 0x00000007c0000000)
  eden space 832512K, 80% used [0x000000076b580000,0x000000079406b760,0x000000079e280000)
  from space 17408K, 74% used [0x000000079f380000,0x00000007a0030020,0x00000007a0480000)
  to   space 17408K, 0% used [0x000000079e280000,0x000000079e280000,0x000000079f380000)
 ParOldGen       total 173568K, used 22141K [0x00000006c2000000, 0x00000006cc980000, 0x000000076b580000)
  object space 173568K, 12% used [0x00000006c2000000,0x00000006c359f7f8,0x00000006cc980000)
 Metaspace       used 8763K, capacity 8962K, committed 9088K, reserved 1056768K
  class space    used 1031K, capacity 1132K, committed 1152K, reserved 1048576K
GC Heap History (10 events):
Event: 2.351 GC heap before
{Heap before GC invocations=6 (full 0):
 PSYoungGen      total 140800K, used 140796K [0x000000076b580000, 0x000000077d580000, 0x00000007c0000000)
  eden space 130048K, 100% used [0x000000076b580000,0x0000000773480000,0x0000000773480000)
  from space 10752K, 99% used [0x0000000773480000,0x0000000773eff160,0x0000000773f00000)
  to   space 17408K, 0% used [0x000000077c480000,0x000000077c480000,0x000000077d580000)
 ParOldGen       total 173568K, used 18796K [0x00000006c2000000, 0x00000006cc980000, 0x000000076b580000)
  object space 173568K, 10% used [0x00000006c2000000,0x00000006c325b350,0x00000006cc980000)
 Metaspace       used 8648K, capacity 8894K, committed 9088K, reserved 1056768K
  class space    used 1031K, capacity 1132K, committed 1152K, reserved 1048576K
Event: 2.367 GC heap after
Heap after GC invocations=6 (full 0):
 PSYoungGen      total 277504K, used 15724K [0x000000076b580000, 0x000000077d580000, 0x00000007c0000000)
  eden space 260096K, 0% used [0x000000076b580000,0x000000076b580000,0x000000077b380000)
  from space 17408K, 90% used [0x000000077c480000,0x000000077d3db150,0x000000077d580000)
  to   space 17408K, 0% used [0x000000077b380000,0x000000077b380000,0x000000077c480000)
 ParOldGen       total 173568K, used 18796K [0x00000006c2000000, 0x00000006cc980000, 0x000000076b580000)
  object space 173568K, 10% used [0x00000006c2000000,0x00000006c325b350,0x00000006cc980000)
 Metaspace       used 8648K, capacity 8894K, committed 9088K, reserved 1056768K
  class space    used 1031K, capacity 1132K, committed 1152K, reserved 1048576K
}
Event: 2.915 GC heap before
{Heap before GC invocations=7 (full 0):
 PSYoungGen      total 277504K, used 275820K [0x000000076b580000, 0x000000077d580000, 0x00000007c0000000)
  eden space 260096K, 100% used [0x000000076b580000,0x000000077b380000,0x000000077b380000)
  from space 17408K, 90% used [0x000000077c480000,0x000000077d3db150,0x000000077d580000)
  to   space 17408K, 0% used [0x000000077b380000,0x000000077b380000,0x000000077c480000)
 ParOldGen       total 173568K, used 18796K [0x00000006c2000000, 0x00000006cc980000, 0x000000076b580000)
  object space 173568K, 10% used [0x00000006c2000000,0x00000006c325b350,0x00000006cc980000)
 Metaspace       used 8655K, capacity 8894K, committed 9088K, reserved 1056768K
  class space    used 1031K, capacity 1132K, committed 1152K, reserved 1048576K
Event: 2.928 GC heap after
Heap after GC invocations=7 (full 0):
 PSYoungGen      total 277504K, used 14336K [0x000000076b580000, 0x000000078d380000, 0x00000007c0000000)
  eden space 260096K, 0% used [0x000000076b580000,0x000000076b580000,0x000000077b380000)
  from space 17408K, 82% used [0x000000077b380000,0x000000077c180020,0x000000077c480000)
  to   space 17408K, 0% used [0x000000078c280000,0x000000078c280000,0x000000078d380000)
 ParOldGen       total 173568K, used 21477K [0x00000006c2000000, 0x00000006cc980000, 0x000000076b580000)
  object space 173568K, 12% used [0x00000006c2000000,0x00000006c34f97f8,0x00000006cc980000)
 Metaspace       used 8655K, capacity 8894K, committed 9088K, reserved 1056768K
  class space    used 1031K, capacity 1132K, committed 1152K, reserved 1048576K
}
Event: 3.410 GC heap before
{Heap before GC invocations=8 (full 0):
 PSYoungGen      total 277504K, used 274432K [0x000000076b580000, 0x000000078d380000, 0x00000007c0000000)
  eden space 260096K, 100% used [0x000000076b580000,0x000000077b380000,0x000000077b380000)
  from space 17408K, 82% used [0x000000077b380000,0x000000077c180020,0x000000077c480000)
  to   space 17408K, 0% used [0x000000078c280000,0x000000078c280000,0x000000078d380000)
 ParOldGen       total 173568K, used 21477K [0x00000006c2000000, 0x00000006cc980000, 0x000000076b580000)
  object space 173568K, 12% used [0x00000006c2000000,0x00000006c34f97f8,0x00000006cc980000)
 Metaspace       used 8675K, capacity 8894K, committed 9088K, reserved 1056768K
  class space    used 1031K, capacity 1132K, committed 1152K, reserved 1048576K
Event: 3.423 GC heap after
Heap after GC invocations=8 (full 0):
 PSYoungGen      total 537600K, used 11568K [0x000000076b580000, 0x000000078d380000, 0x00000007c0000000)
  eden space 520192K, 0% used [0x000000076b580000,0x000000076b580000,0x000000078b180000)
  from space 17408K, 66% used [0x000000078c280000,0x000000078cdcc010,0x000000078d380000)
  to   space 17408K, 0% used [0x000000078b180000,0x000000078b180000,0x000000078c280000)
 ParOldGen       total 173568K, used 21485K [0x00000006c2000000, 0x00000006cc980000, 0x000000076b580000)
  object space 173568K, 12% used [0x00000006c2000000,0x00000006c34fb7f8,0x00000006cc980000)
 Metaspace       used 8675K, capacity 8894K, committed 9088K, reserved 1056768K
  class space    used 1031K, capacity 1132K, committed 1152K, reserved 1048576K
}
Event: 4.474 GC heap before
{Heap before GC invocations=9 (full 0):
 PSYoungGen      total 537600K, used 531760K [0x000000076b580000, 0x000000078d380000, 0x00000007c0000000)
  eden space 520192K, 100% used [0x000000076b580000,0x000000078b180000,0x000000078b180000)
  from space 17408K, 66% used [0x000000078c280000,0x000000078cdcc010,0x000000078d380000)
  to   space 17408K, 0% used [0x000000078b180000,0x000000078b180000,0x000000078c280000)
 ParOldGen       total 173568K, used 21485K [0x00000006c2000000, 0x00000006cc980000, 0x000000076b580000)
  object space 173568K, 12% used [0x00000006c2000000,0x00000006c34fb7f8,0x00000006cc980000)
 Metaspace       used 8697K, capacity 8894K, committed 9088K, reserved 1056768K
  class space    used 1031K, capacity 1132K, committed 1152K, reserved 1048576K
Event: 4.485 GC heap after
Heap after GC invocations=9 (full 0):
 PSYoungGen      total 537600K, used 12672K [0x000000076b580000, 0x00000007a0480000, 0x00000007c0000000)
  eden space 520192K, 0% used [0x000000076b580000,0x000000076b580000,0x000000078b180000)
  from space 17408K, 72% used [0x000000078b180000,0x000000078bde0020,0x000000078c280000)
  to   space 17408K, 0% used [0x000000079f380000,0x000000079f380000,0x00000007a0480000)
 ParOldGen       total 173568K, used 22133K [0x00000006c2000000, 0x00000006cc980000, 0x000000076b580000)
  object space 173568K, 12% used [0x00000006c2000000,0x00000006c359d7f8,0x00000006cc980000)
 Metaspace       used 8697K, capacity 8894K, committed 9088K, reserved 1056768K
  class space    used 1031K, capacity 1132K, committed 1152K, reserved 1048576K
}
Event: 5.568 GC heap before
{Heap before GC invocations=10 (full 0):
 PSYoungGen      total 537600K, used 532864K [0x000000076b580000, 0x00000007a0480000, 0x00000007c0000000)
  eden space 520192K, 100% used [0x000000076b580000,0x000000078b180000,0x000000078b180000)
  from space 17408K, 72% used [0x000000078b180000,0x000000078bde0020,0x000000078c280000)
  to   space 17408K, 0% used [0x000000079f380000,0x000000079f380000,0x00000007a0480000)
 ParOldGen       total 173568K, used 22133K [0x00000006c2000000, 0x00000006cc980000, 0x000000076b580000)
  object space 173568K, 12% used [0x00000006c2000000,0x00000006c359d7f8,0x00000006cc980000)
 Metaspace       used 8732K, capacity 8958K, committed 9088K, reserved 1056768K
  class space    used 1031K, capacity 1132K, committed 1152K, reserved 1048576K
Event: 5.580 GC heap after
Heap after GC invocations=10 (full 0):
 PSYoungGen      total 849920K, used 12992K [0x000000076b580000, 0x00000007a0480000, 0x00000007c0000000)
  eden space 832512K, 0% used [0x000000076b580000,0x000000076b580000,0x000000079e280000)
  from space 17408K, 74% used [0x000000079f380000,0x00000007a0030020,0x00000007a0480000)
  to   space 17408K, 0% used [0x000000079e280000,0x000000079e280000,0x000000079f380000)
 ParOldGen       total 173568K, used 22141K [0x00000006c2000000, 0x00000006cc980000, 0x000000076b580000)
  object space 173568K, 12% used [0x00000006c2000000,0x00000006c359f7f8,0x00000006cc980000)
 Metaspace       used 8732K, capacity 8958K, committed 9088K, reserved 1056768K
  class space    used 1031K, capacity 1132K, committed 1152K, reserved 1048576K
}

